[2024-11-15 03:35:27 +0000] [75667] [INFO] Starting gunicorn 23.0.0
[2024-11-15 03:35:27 +0000] [75667] [INFO] Listening at: http://0.0.0.0:5000 (75667)
[2024-11-15 03:35:27 +0000] [75667] [INFO] Using worker: sync
[2024-11-15 03:35:27 +0000] [75668] [INFO] Booting worker with pid: 75668
[2024-11-15 03:35:27 +0000] [75669] [INFO] Booting worker with pid: 75669
[2024-11-15 03:35:27 +0000] [75670] [INFO] Booting worker with pid: 75670
[2024-11-15 03:35:27 +0000] [75678] [INFO] Booting worker with pid: 75678
[2024-11-15 03:36:36 +0000] [75667] [INFO] Handling signal: winch
[2024-11-15 03:38:01 +0000] [75667] [INFO] Handling signal: winch
[2024-11-15 03:39:08 +0000] [75667] [INFO] Handling signal: int
[2024-11-15 03:39:08 +0000] [75670] [INFO] Worker exiting (pid: 75670)
[2024-11-15 03:39:08 +0000] [75668] [INFO] Worker exiting (pid: 75668)
[2024-11-15 03:39:08 +0000] [75678] [INFO] Worker exiting (pid: 75678)
[2024-11-15 03:39:08 +0000] [75669] [INFO] Worker exiting (pid: 75669)
[2024-11-15 03:39:08 +0000] [75667] [ERROR] Worker (pid:75670) was sent SIGINT!
[2024-11-15 03:39:08 +0000] [75667] [ERROR] Worker (pid:75678) was sent SIGINT!
[2024-11-15 03:39:08 +0000] [75667] [ERROR] Worker (pid:75668) was sent SIGINT!
[2024-11-15 03:39:08 +0000] [75667] [ERROR] Worker (pid:75669) was sent SIGINT!
[2024-11-15 03:39:08 +0000] [75667] [INFO] Shutting down: Master
[2024-11-15 03:39:12 +0000] [88559] [INFO] Starting gunicorn 23.0.0
[2024-11-15 03:39:12 +0000] [88559] [INFO] Listening at: http://0.0.0.0:5000 (88559)
[2024-11-15 03:39:12 +0000] [88559] [INFO] Using worker: sync
[2024-11-15 03:39:12 +0000] [88560] [INFO] Booting worker with pid: 88560
[2024-11-15 03:39:12 +0000] [88561] [INFO] Booting worker with pid: 88561
[2024-11-15 03:39:12 +0000] [88562] [INFO] Booting worker with pid: 88562
[2024-11-15 03:39:12 +0000] [88563] [INFO] Booting worker with pid: 88563
[2024-11-15 04:03:54 +0000] [88559] [INFO] Handling signal: winch
[2024-11-15 04:03:54 +0000] [88559] [INFO] Handling signal: winch
[2024-11-15 04:20:34 +0000] [88559] [INFO] Handling signal: int
[2024-11-15 04:20:34 +0000] [88563] [INFO] Worker exiting (pid: 88563)
[2024-11-15 04:20:34 +0000] [88560] [INFO] Worker exiting (pid: 88560)
[2024-11-15 04:20:34 +0000] [88562] [INFO] Worker exiting (pid: 88562)
[2024-11-15 04:20:34 +0000] [88561] [INFO] Worker exiting (pid: 88561)
[2024-11-15 04:20:34 +0000] [88559] [ERROR] Worker (pid:88562) was sent SIGINT!
[2024-11-15 04:20:34 +0000] [88559] [ERROR] Worker (pid:88563) was sent SIGINT!
[2024-11-15 04:20:34 +0000] [88559] [ERROR] Worker (pid:88560) was sent SIGINT!
[2024-11-15 04:20:34 +0000] [88559] [ERROR] Worker (pid:88561) was sent SIGINT!
[2024-11-15 04:20:34 +0000] [88559] [INFO] Shutting down: Master
[2024-11-15 05:03:43 +0000] [398039] [INFO] Starting gunicorn 23.0.0
[2024-11-15 05:03:43 +0000] [398039] [INFO] Listening at: http://0.0.0.0:5000 (398039)
[2024-11-15 05:03:43 +0000] [398039] [INFO] Using worker: sync
[2024-11-15 05:03:43 +0000] [398040] [INFO] Booting worker with pid: 398040
[2024-11-15 05:03:43 +0000] [398041] [INFO] Booting worker with pid: 398041
[2024-11-15 05:03:44 +0000] [398042] [INFO] Booting worker with pid: 398042
[2024-11-15 05:03:44 +0000] [398043] [INFO] Booting worker with pid: 398043
[2024-11-15 05:11:03 +0000] [398039] [INFO] Handling signal: int
[2024-11-15 05:11:03 +0000] [398040] [INFO] Worker exiting (pid: 398040)
[2024-11-15 05:11:03 +0000] [398041] [INFO] Worker exiting (pid: 398041)
[2024-11-15 05:11:03 +0000] [398042] [INFO] Worker exiting (pid: 398042)
[2024-11-15 05:11:03 +0000] [398043] [INFO] Worker exiting (pid: 398043)
[2024-11-15 05:11:04 +0000] [398039] [INFO] Shutting down: Master
[2024-11-15 05:11:10 +0000] [417531] [INFO] Starting gunicorn 23.0.0
[2024-11-15 05:11:10 +0000] [417531] [INFO] Listening at: http://0.0.0.0:5000 (417531)
[2024-11-15 05:11:10 +0000] [417531] [INFO] Using worker: sync
[2024-11-15 05:11:10 +0000] [417538] [INFO] Booting worker with pid: 417538
[2024-11-15 05:11:10 +0000] [417539] [INFO] Booting worker with pid: 417539
[2024-11-15 05:11:10 +0000] [417540] [INFO] Booting worker with pid: 417540
[2024-11-15 05:11:10 +0000] [417541] [INFO] Booting worker with pid: 417541
[2024-11-15 05:16:55 +0000] [417531] [INFO] Handling signal: int
[2024-11-15 05:16:55 +0000] [417540] [INFO] Worker exiting (pid: 417540)
[2024-11-15 05:16:55 +0000] [417539] [INFO] Worker exiting (pid: 417539)
[2024-11-15 05:16:55 +0000] [417541] [INFO] Worker exiting (pid: 417541)
[2024-11-15 05:16:55 +0000] [417538] [INFO] Worker exiting (pid: 417538)
[2024-11-15 05:16:56 +0000] [417531] [INFO] Shutting down: Master
[2024-11-15 05:16:59 +0000] [441451] [INFO] Starting gunicorn 23.0.0
[2024-11-15 05:16:59 +0000] [441451] [INFO] Listening at: http://0.0.0.0:5000 (441451)
[2024-11-15 05:16:59 +0000] [441451] [INFO] Using worker: sync
[2024-11-15 05:16:59 +0000] [441455] [INFO] Booting worker with pid: 441455
[2024-11-15 05:16:59 +0000] [441456] [INFO] Booting worker with pid: 441456
[2024-11-15 05:16:59 +0000] [441457] [INFO] Booting worker with pid: 441457
[2024-11-15 05:16:59 +0000] [441458] [INFO] Booting worker with pid: 441458
